2026-04-10 23:19:54,006 [INFO] Activator:176 - 


2026-04-10 23:19:54,009 [INFO] Activator:177 - !SESSION log4j initialized
2026-04-10 23:19:57,111 [INFO] LogOutputStream:77 - [STDOUT_REDIRECT] 
2026-04-10 23:19:58,541 [ERROR] LogOutputStream:75 - [STDERR_REDIRECT] 
2026-04-10 23:20:00,279 [INFO] LogOutputStream:77 - [STDOUT_REDIRECT] 
2026-04-10 23:20:01,444 [INFO] ApplicationProperties:184 - Using Application install path: /Applications/STM32CubeIDE.app/Contents/Eclipse/plugins/com.st.stm32cube.common.mx_6.15.0.202507011659
2026-04-10 23:20:01,454 [INFO] DbMcusXml:78 - Set database path to: /Applications/STM32CubeIDE.app/Contents/Eclipse/plugins/com.st.stm32cube.common.mx_6.15.0.202507011659//db//mcu/
2026-04-10 23:20:01,454 [INFO] ApiDb:274 - Set plugin database path to: /Applications/STM32CubeIDE.app/Contents/Eclipse/plugins/com.st.stm32cube.common.mx_6.15.0.202507011659//db//plugins/boardmanager/
2026-04-10 23:20:01,454 [WARN] ApiDb:259 - Overriding images path with different value:  => /Applications/STM32CubeIDE.app/Contents/Eclipse/plugins/com.st.stm32cube.common.mx_6.15.0.202507011659//db//plugins/mcufinder/images/
2026-04-10 23:20:01,458 [INFO] ApiDb:250 - Set database path to: /Users/ruslan/.stmcufinder/plugins/mcufinder//mcu/
2026-04-10 23:20:01,459 [INFO] DbMcusAds:125 - Set database path to: /Users/ruslan/.stmcufinder/plugins/mcufinder//mcu/
2026-04-10 23:20:01,460 [INFO] CrossReferenceDbSqlite:203 - Set database path to: /Users/ruslan/.stmcufinder/plugins/mcufinder//mcu/cs/
2026-04-10 23:20:01,549 [INFO] RulesReader:64 - Compatibility file has been processed (317 Rules)
2026-04-10 23:20:01,586 [INFO] DbMcusXml:78 - Set database path to: /Applications/STM32CubeIDE.app/Contents/Eclipse/plugins/com.st.stm32cube.common.mx_6.15.0.202507011659//db//mcu/
2026-04-10 23:20:01,586 [INFO] ApiDb:274 - Set plugin database path to: /Applications/STM32CubeIDE.app/Contents/Eclipse/plugins/com.st.stm32cube.common.mx_6.15.0.202507011659//db//plugins/boardmanager/
2026-04-10 23:20:01,586 [INFO] ApiDb:261 - Set plugin images path to: /Applications/STM32CubeIDE.app/Contents/Eclipse/plugins/com.st.stm32cube.common.mx_6.15.0.202507011659//db//plugins/mcufinder/images/
2026-04-10 23:20:01,586 [WARN] DbFile:41 - Overriding database path with different value: /Users/ruslan/.stmcufinder/plugins/mcufinder/ => /Users/ruslan/.stmcufinder/plugins/mcufinder
2026-04-10 23:20:01,586 [INFO] ApiDb:250 - Set database path to: /Users/ruslan/.stmcufinder/plugins/mcufinder//mcu/
2026-04-10 23:20:01,586 [WARN] DbFile:41 - Overriding database path with different value: /Users/ruslan/.stmcufinder/plugins/mcufinder/ => /Users/ruslan/.stmcufinder/plugins/mcufinder
2026-04-10 23:20:01,587 [INFO] DbMcusAds:125 - Set database path to: /Users/ruslan/.stmcufinder/plugins/mcufinder//mcu/
2026-04-10 23:20:01,587 [WARN] DbFile:41 - Overriding database path with different value: /Users/ruslan/.stmcufinder/plugins/mcufinder/ => /Users/ruslan/.stmcufinder/plugins/mcufinder
2026-04-10 23:20:01,587 [WARN] DbFile:41 - Overriding database path with different value: /Users/ruslan/.stmcufinder/plugins/mcufinder/ => /Users/ruslan/.stmcufinder/plugins/mcufinder
2026-04-10 23:20:01,587 [INFO] CrossReferenceDbSqlite:203 - Set database path to: /Users/ruslan/.stmcufinder/plugins/mcufinder//mcu/cs/
2026-04-10 23:20:01,634 [INFO] MainPanel:274 - HeapMemory: 268435456
2026-04-10 23:20:02,083 [INFO] DbMcusXml:78 - Set database path to: /Applications/STM32CubeIDE.app/Contents/Eclipse/plugins/com.st.stm32cube.common.mx_6.15.0.202507011659//db//mcu/
2026-04-10 23:20:02,084 [INFO] ApiDb:274 - Set plugin database path to: /Applications/STM32CubeIDE.app/Contents/Eclipse/plugins/com.st.stm32cube.common.mx_6.15.0.202507011659//db//plugins/boardmanager/
2026-04-10 23:20:02,084 [INFO] ApiDb:261 - Set plugin images path to: /Applications/STM32CubeIDE.app/Contents/Eclipse/plugins/com.st.stm32cube.common.mx_6.15.0.202507011659//db//plugins/mcufinder/images/
2026-04-10 23:20:02,084 [WARN] DbFile:41 - Overriding database path with different value: /Users/ruslan/.stmcufinder/plugins/mcufinder/ => /Users/ruslan/.stmcufinder/plugins/mcufinder
2026-04-10 23:20:02,084 [INFO] ApiDb:250 - Set database path to: /Users/ruslan/.stmcufinder/plugins/mcufinder//mcu/
2026-04-10 23:20:02,084 [WARN] DbFile:41 - Overriding database path with different value: /Users/ruslan/.stmcufinder/plugins/mcufinder/ => /Users/ruslan/.stmcufinder/plugins/mcufinder
2026-04-10 23:20:02,084 [INFO] DbMcusAds:125 - Set database path to: /Users/ruslan/.stmcufinder/plugins/mcufinder//mcu/
2026-04-10 23:20:02,084 [WARN] DbFile:41 - Overriding database path with different value: /Users/ruslan/.stmcufinder/plugins/mcufinder/ => /Users/ruslan/.stmcufinder/plugins/mcufinder
2026-04-10 23:20:02,084 [WARN] DbFile:41 - Overriding database path with different value: /Users/ruslan/.stmcufinder/plugins/mcufinder/ => /Users/ruslan/.stmcufinder/plugins/mcufinder
2026-04-10 23:20:02,084 [INFO] CrossReferenceDbSqlite:203 - Set database path to: /Users/ruslan/.stmcufinder/plugins/mcufinder//mcu/cs/
2026-04-10 23:20:02,098 [INFO] ApplicationProperties:184 - Using Application install path: /Applications/STM32CubeIDE.app/Contents/Eclipse/plugins/com.st.stm32cube.common.mx_6.15.0.202507011659
2026-04-10 23:20:02,099 [INFO] PluginManage:196 - Search for loadable plugins [exclusion list=, ]
2026-04-10 23:20:02,101 [INFO] PluginManage:310 - Check plugin analytics
2026-04-10 23:20:02,237 [INFO] AnalyticsPlugin:253 - Accepted Software Licenses: 
2026-04-10 23:20:02,238 [INFO] AnalyticsPlugin:255 - Accepted CMSIS Pack Licenses: 
2026-04-10 23:20:02,238 [INFO] AnalyticsPlugin:257 - Accepted Firmware Licenses: FW.L4.1.18.0
2026-04-10 23:20:02,246 [INFO] PluginManage:359 - Loaded plugin analytics (category:tool,tabindex:-1)
2026-04-10 23:20:02,247 [INFO] PluginManage:310 - Check plugin cadmodel
2026-04-10 23:20:02,258 [INFO] CADModel:105 - Init CAD model plugin
2026-04-10 23:20:02,258 [INFO] PluginManage:359 - Loaded plugin cadmodel (category:power,tabindex:5)
2026-04-10 23:20:02,258 [INFO] PluginManage:310 - Check plugin clock
2026-04-10 23:20:02,265 [INFO] PluginManage:359 - Loaded plugin clock (category:base,tabindex:2)
2026-04-10 23:20:02,265 [INFO] PluginManage:310 - Check plugin ddr
2026-04-10 23:20:02,267 [INFO] PluginManage:359 - Loaded plugin ddr (category:tool,tabindex:6)
2026-04-10 23:20:02,267 [INFO] PluginManage:310 - Check plugin filemanager
2026-04-10 23:20:02,371 [INFO] PluginManage:359 - Loaded plugin filemanager (category:base,tabindex:10)
2026-04-10 23:20:02,372 [INFO] PluginManage:310 - Check plugin ipmanager
2026-04-10 23:20:02,376 [INFO] PluginManage:359 - Loaded plugin ipmanager (category:base,tabindex:5)
2026-04-10 23:20:02,376 [INFO] PluginManage:310 - Check plugin lpbam
2026-04-10 23:20:02,384 [INFO] PluginManage:359 - Loaded plugin lpbam (category:base,tabindex:0)
2026-04-10 23:20:02,384 [INFO] PluginManage:310 - Check plugin memorymap
2026-04-10 23:20:02,390 [INFO] PluginManage:359 - Loaded plugin memorymap (category:base,tabindex:4)
2026-04-10 23:20:02,391 [INFO] PluginManage:310 - Check plugin pinoutandconfiguration
2026-04-10 23:20:02,395 [INFO] PluginManage:359 - Loaded plugin pinoutandconfiguration (category:base,tabindex:1)
2026-04-10 23:20:02,396 [INFO] PluginManage:310 - Check plugin pinoutconfig
2026-04-10 23:20:02,460 [WARN] SupportedApi:132 - Cannot load RTOS API schema: s4s-elt-must-match.1: The content of 'definitions' must match (annotation?, (simpleType | complexType)?, (unique | key | keyref)*)). A problem was found starting at: attribute.
2026-04-10 23:20:02,557 [INFO] PluginManage:359 - Loaded plugin pinoutconfig (category:base,tabindex:0)
2026-04-10 23:20:02,557 [INFO] PluginManage:310 - Check plugin power
2026-04-10 23:20:02,565 [INFO] PluginManage:359 - Loaded plugin power (category:power,tabindex:4)
2026-04-10 23:20:02,565 [INFO] PluginManage:310 - Check plugin projectmanager
2026-04-10 23:20:02,584 [INFO] PluginManage:359 - Loaded plugin projectmanager (category:projectmanager,tabindex:4)
2026-04-10 23:20:02,584 [INFO] PluginManage:310 - Check plugin rif
2026-04-10 23:20:02,590 [INFO] PluginManage:359 - Loaded plugin rif (category:base,tabindex:3)
2026-04-10 23:20:02,590 [INFO] PluginManage:310 - Check plugin thirdparty
2026-04-10 23:20:02,706 [INFO] PluginManage:359 - Loaded plugin thirdparty (category:base,tabindex:-1)
2026-04-10 23:20:02,706 [INFO] PluginManage:310 - Check plugin tools
2026-04-10 23:20:02,706 [WARN] IntegrityCheckThread:84 - waiting for thirdparty lock release [integrity check]
2026-04-10 23:20:02,706 [INFO] IntegrityCheckThread:86 - entering critical section [integrity check]
2026-04-10 23:20:02,706 [INFO] ThirdPartyUpdaterWithRetryManager:70 - Updater plugin not ready yet. [1/15]
2026-04-10 23:20:02,709 [INFO] PluginManage:359 - Loaded plugin tools (category:base,tabindex:7)
2026-04-10 23:20:02,709 [INFO] PluginManage:310 - Check plugin tutovideos
2026-04-10 23:20:02,828 [INFO] PluginManage:359 - Loaded plugin tutovideos (category:base,tabindex:-1)
2026-04-10 23:20:02,828 [INFO] PluginManage:310 - Check plugin updater
2026-04-10 23:20:02,849 [INFO] PluginManage:359 - Loaded plugin updater (category:base,tabindex:12)
2026-04-10 23:20:02,849 [INFO] PluginManage:310 - Check plugin userauth
2026-04-10 23:20:02,851 [INFO] UserAuth:118 - Init User Auth plugin
2026-04-10 23:20:02,852 [INFO] PluginManage:359 - Loaded plugin userauth (category:base,tabindex:14)
2026-04-10 23:20:02,852 [INFO] PluginManage:283 - PluginManage : Loaded plugins [18]
2026-04-10 23:20:03,050 [INFO] PinOutPanel:1589 - setPackage(No Configuration,No Configuration)
2026-04-10 23:20:03,101 [INFO] CADModel:165 - CPN selected for project level
2026-04-10 23:20:03,102 [INFO] CADModel:114 - Register for checkConnection events
2026-04-10 23:20:03,111 [INFO] IPUIPlugin:80 - create IPUIPlugin
2026-04-10 23:20:03,112 [INFO] PluginManager:220 - loadIPPluginJar : add mdma
2026-04-10 23:20:03,115 [INFO] IPUIPlugin:80 - create IPUIPlugin
2026-04-10 23:20:03,115 [INFO] PluginManager:220 - loadIPPluginJar : add freertos
2026-04-10 23:20:03,118 [INFO] IPUIPlugin:80 - create IPUIPlugin
2026-04-10 23:20:03,119 [INFO] PluginManager:220 - loadIPPluginJar : add gic
2026-04-10 23:20:03,123 [INFO] IPUIPlugin:80 - create IPUIPlugin
2026-04-10 23:20:03,124 [INFO] PluginManager:220 - loadIPPluginJar : add adc
2026-04-10 23:20:03,125 [INFO] IPUIPlugin:80 - create IPUIPlugin
2026-04-10 23:20:03,125 [INFO] PluginManager:220 - loadIPPluginJar : add gtzc
2026-04-10 23:20:03,126 [INFO] IPUIPlugin:80 - create IPUIPlugin
2026-04-10 23:20:03,126 [INFO] PluginManager:220 - loadIPPluginJar : add quadspi
2026-04-10 23:20:03,126 [INFO] IPUIPlugin:80 - create IPUIPlugin
2026-04-10 23:20:03,127 [INFO] PluginManager:220 - loadIPPluginJar : add aes
2026-04-10 23:20:03,128 [INFO] IPUIPlugin:80 - create IPUIPlugin
2026-04-10 23:20:03,128 [INFO] PluginManager:220 - loadIPPluginJar : add pdm2pcm
2026-04-10 23:20:03,129 [INFO] IPUIPlugin:80 - create IPUIPlugin
2026-04-10 23:20:03,130 [INFO] PluginManager:220 - loadIPPluginJar : add hash
2026-04-10 23:20:03,130 [INFO] IPUIPlugin:80 - create IPUIPlugin
2026-04-10 23:20:03,130 [INFO] PluginManager:220 - loadIPPluginJar : add tim
2026-04-10 23:20:03,131 [INFO] IPUIPlugin:80 - create IPUIPlugin
2026-04-10 23:20:03,131 [INFO] PluginManager:220 - loadIPPluginJar : add tsc
2026-04-10 23:20:03,132 [INFO] IPUIPlugin:80 - create IPUIPlugin
2026-04-10 23:20:03,132 [INFO] PluginManager:220 - loadIPPluginJar : add extmemmanager
2026-04-10 23:20:03,133 [INFO] IPUIPlugin:80 - create IPUIPlugin
2026-04-10 23:20:03,133 [INFO] PluginManager:220 - loadIPPluginJar : add ts
2026-04-10 23:20:03,134 [INFO] IPUIPlugin:80 - create IPUIPlugin
2026-04-10 23:20:03,134 [INFO] PluginManager:220 - loadIPPluginJar : add radio
2026-04-10 23:20:03,135 [INFO] IPUIPlugin:80 - create IPUIPlugin
2026-04-10 23:20:03,135 [INFO] PluginManager:220 - loadIPPluginJar : add can
2026-04-10 23:20:03,136 [INFO] IPUIPlugin:80 - create IPUIPlugin
2026-04-10 23:20:03,136 [INFO] PluginManager:220 - loadIPPluginJar : add dma3
2026-04-10 23:20:03,137 [INFO] IPUIPlugin:80 - create IPUIPlugin
2026-04-10 23:20:03,137 [INFO] PluginManager:220 - loadIPPluginJar : add dfsdm
2026-04-10 23:20:03,137 [INFO] IPUIPlugin:80 - create IPUIPlugin
2026-04-10 23:20:03,138 [INFO] PluginManager:220 - loadIPPluginJar : add spi
2026-04-10 23:20:03,138 [INFO] IPUIPlugin:80 - create IPUIPlugin
2026-04-10 23:20:03,139 [INFO] PluginManager:220 - loadIPPluginJar : add gfxmmu
2026-04-10 23:20:03,140 [INFO] IPUIPlugin:80 - create IPUIPlugin
2026-04-10 23:20:03,140 [INFO] PluginManager:220 - loadIPPluginJar : add genericplugin
2026-04-10 23:20:03,140 [INFO] IPUIPlugin:80 - create IPUIPlugin
2026-04-10 23:20:03,141 [INFO] PluginManager:220 - loadIPPluginJar : add cryp
2026-04-10 23:20:03,142 [INFO] IPUIPlugin:80 - create IPUIPlugin
2026-04-10 23:20:03,142 [INFO] PluginManager:220 - loadIPPluginJar : add gpio
2026-04-10 23:20:03,143 [INFO] IPUIPlugin:80 - create IPUIPlugin
2026-04-10 23:20:03,144 [INFO] PluginManager:220 - loadIPPluginJar : add ddr_ctrl_phy
2026-04-10 23:20:03,144 [INFO] IPUIPlugin:80 - create IPUIPlugin
2026-04-10 23:20:03,145 [INFO] PluginManager:220 - loadIPPluginJar : add comp
2026-04-10 23:20:03,146 [INFO] IPUIPlugin:80 - create IPUIPlugin
2026-04-10 23:20:03,147 [INFO] PluginManager:220 - loadIPPluginJar : add tracer_emb
2026-04-10 23:20:03,148 [INFO] IPUIPlugin:80 - create IPUIPlugin
2026-04-10 23:20:03,148 [INFO] PluginManager:220 - loadIPPluginJar : add openamp
2026-04-10 23:20:03,150 [INFO] IPUIPlugin:80 - create IPUIPlugin
2026-04-10 23:20:03,150 [INFO] PluginManager:220 - loadIPPluginJar : add stm32_wpan
2026-04-10 23:20:03,152 [INFO] IPUIPlugin:80 - create IPUIPlugin
2026-04-10 23:20:03,154 [INFO] PluginManager:220 - loadIPPluginJar : add plateformsettings
2026-04-10 23:20:03,155 [INFO] IPUIPlugin:80 - create IPUIPlugin
2026-04-10 23:20:03,155 [INFO] PluginManager:220 - loadIPPluginJar : add ipddr
2026-04-10 23:20:03,157 [INFO] IPUIPlugin:80 - create IPUIPlugin
2026-04-10 23:20:03,157 [INFO] PluginManager:220 - loadIPPluginJar : add usart
2026-04-10 23:20:03,158 [INFO] IPUIPlugin:80 - create IPUIPlugin
2026-04-10 23:20:03,158 [INFO] PluginManager:220 - loadIPPluginJar : add ltdc
2026-04-10 23:20:03,159 [INFO] IPUIPlugin:80 - create IPUIPlugin
2026-04-10 23:20:03,159 [INFO] PluginManager:220 - loadIPPluginJar : add nvic
2026-04-10 23:20:03,160 [INFO] IPUIPlugin:80 - create IPUIPlugin
2026-04-10 23:20:03,160 [INFO] PluginManager:220 - loadIPPluginJar : add fatfs
2026-04-10 23:20:03,164 [INFO] IPUIPlugin:80 - create IPUIPlugin
2026-04-10 23:20:03,164 [INFO] PluginManager:220 - loadIPPluginJar : add linkedlist
2026-04-10 23:20:03,167 [INFO] IPUIPlugin:80 - create IPUIPlugin
2026-04-10 23:20:03,167 [INFO] PluginManager:220 - loadIPPluginJar : add dma
2026-04-10 23:20:03,168 [INFO] IPUIPlugin:80 - create IPUIPlugin
2026-04-10 23:20:03,168 [INFO] PluginManager:220 - loadIPPluginJar : add fmc
2026-04-10 23:20:03,169 [INFO] IPUIPlugin:80 - create IPUIPlugin
2026-04-10 23:20:03,169 [INFO] PluginManager:220 - loadIPPluginJar : add i2s
2026-04-10 23:20:03,170 [INFO] IPUIPlugin:80 - create IPUIPlugin
2026-04-10 23:20:03,170 [INFO] PluginManager:220 - loadIPPluginJar : add ucpd
2026-04-10 23:20:03,171 [INFO] IPUIPlugin:80 - create IPUIPlugin
2026-04-10 23:20:03,171 [INFO] PluginManager:220 - loadIPPluginJar : add lorawan
2026-04-10 23:20:03,172 [INFO] IPUIPlugin:80 - create IPUIPlugin
2026-04-10 23:20:03,172 [INFO] PluginManager:220 - loadIPPluginJar : add opamp
2026-04-10 23:20:03,174 [INFO] IPUIPlugin:80 - create IPUIPlugin
2026-04-10 23:20:03,174 [INFO] PluginManager:220 - loadIPPluginJar : add i3c
2026-04-10 23:20:03,176 [INFO] IPUIPlugin:80 - create IPUIPlugin
2026-04-10 23:20:03,176 [INFO] PluginManager:220 - loadIPPluginJar : add touchsensing
2026-04-10 23:20:03,178 [INFO] IPUIPlugin:80 - create IPUIPlugin
2026-04-10 23:20:03,179 [INFO] PluginManager:220 - loadIPPluginJar : add i2c
2026-04-10 23:20:03,181 [INFO] IPUIPlugin:80 - create IPUIPlugin
2026-04-10 23:20:03,181 [INFO] PluginManager:220 - loadIPPluginJar : add resmgrutility
2026-04-10 23:20:03,182 [INFO] IPUIPlugin:80 - create IPUIPlugin
2026-04-10 23:20:03,182 [INFO] PluginManager:220 - loadIPPluginJar : add sai
2026-04-10 23:20:03,183 [INFO] IPUIPlugin:80 - create IPUIPlugin
2026-04-10 23:20:03,183 [INFO] PluginManager:220 - loadIPPluginJar : add usbx
2026-04-10 23:20:03,292 [FATAL] Updater:351 - Updater called before beeing initialized
2026-04-10 23:20:03,324 [INFO] RulesReader:64 - Compatibility file has been processed (317 Rules)
2026-04-10 23:20:03,331 [INFO] RulesReader:64 - Compatibility file has been processed (317 Rules)
2026-04-10 23:20:03,337 [INFO] CADModel:165 - CPN selected for project level
2026-04-10 23:20:03,337 [INFO] CADModel:114 - Register for checkConnection events
2026-04-10 23:20:03,337 [FATAL] Updater:351 - Updater called before beeing initialized
2026-04-10 23:20:03,337 [ERROR] CADModel:125 - Updater not yet initialized, retry later 
2026-04-10 23:20:03,496 [FATAL] Updater:351 - Updater called before beeing initialized
2026-04-10 23:20:03,497 [INFO] CADModel:165 - CPN selected for project level
2026-04-10 23:20:03,497 [INFO] CADModel:114 - Register for checkConnection events
2026-04-10 23:20:03,497 [FATAL] Updater:351 - Updater called before beeing initialized
2026-04-10 23:20:03,497 [ERROR] CADModel:125 - Updater not yet initialized, retry later 
2026-04-10 23:20:03,499 [FATAL] Updater:351 - Updater called before beeing initialized
2026-04-10 23:20:03,618 [FATAL] Updater:351 - Updater called before beeing initialized
2026-04-10 23:20:03,622 [INFO] DbMcusAds:53 - JSON generation date=Fri Apr 10 12:19:02 EEST 2026 (1775812742257)
2026-04-10 23:20:03,623 [FATAL] Updater:351 - Updater called before beeing initialized
2026-04-10 23:20:03,659 [WARN] DetailPanel:346 - Failed to get advertising image, set to default
2026-04-10 23:20:03,713 [FATAL] Updater:351 - Updater called before beeing initialized
2026-04-10 23:20:03,715 [FATAL] Updater:351 - Updater called before beeing initialized
2026-04-10 23:20:03,716 [FATAL] Updater:351 - Updater called before beeing initialized
2026-04-10 23:20:03,716 [WARN] DetailPanel:346 - Failed to get advertising image, set to default
2026-04-10 23:20:03,719 [FATAL] Updater:351 - Updater called before beeing initialized
2026-04-10 23:20:03,764 [ERROR] Updater:1198 - MainUpdater not yet initialized. External WinMGr cannot be set.
2026-04-10 23:20:03,767 [INFO] Updater:1134 - Updater Version found : 6.15.0
2026-04-10 23:20:03,777 [INFO] ApplicationProperties:184 - Using Application install path: /Applications/STM32CubeIDE.app/Contents/Eclipse/plugins/com.st.stm32cube.common.mx_6.15.0.202507011659
2026-04-10 23:20:04,012 [INFO] MainUpdater:2872 - connection check result : 10
2026-04-10 23:20:04,012 [INFO] MainUpdater:3604 - Updater definition file requires update
2026-04-10 23:20:04,012 [INFO] MainUpdater:289 - Updater Check For Update Now.
2026-04-10 23:20:04,012 [INFO] MicroXplorer:498 - Change Database Version : DB.6.0.150
2026-04-10 23:20:04,018 [INFO] McuFinderGlobals:63 - Set McuFinder mode to 2 (CubeIDE integrated)
2026-04-10 23:20:04,019 [INFO] UserAuth:487 - Internet connection configuration mode: 1
2026-04-10 23:20:04,030 [INFO] JxBrowserEngine:152 - Initiate JxBrowser Engine with user profile folder
2026-04-10 23:20:04,041 [INFO] ServerAccessManage:452 - Complete download http(s) 200
2026-04-10 23:20:04,044 [INFO] ServerAccessManage:509 - Download File updaters.zip
2026-04-10 23:20:04,150 [INFO] FileExtend:248 - Unzip File : updaters.zip
2026-04-10 23:20:04,150 [INFO] FileExtend:263 - Standard Zip Deflate
2026-04-10 23:20:04,552 [INFO] ServerAccessManage:452 - Complete download http(s) 200
2026-04-10 23:20:04,557 [INFO] ServerAccessManage:509 - Download File PacksControlFlags.xml
2026-04-10 23:20:04,685 [INFO] ServerAccessManage:452 - Complete download http(s) 200
2026-04-10 23:20:04,686 [INFO] ServerAccessManage:509 - Download File cubemx.pidx
2026-04-10 23:20:05,597 [INFO] ServerAccessManage:452 - Complete download http(s) 200
2026-04-10 23:20:05,597 [INFO] ServerAccessManage:509 - Download File STMicroelectronics.X-CUBE-WB05N.pdsc
2026-04-10 23:20:05,712 [WARN] MainUpdater:1193 - Updater busy. Cannot search thirdparties
2026-04-10 23:20:05,714 [INFO] ThirdPartyUpdaterWithRetryManager:96 - Updater plugin is busy. [1/15]
2026-04-10 23:20:05,927 [WARN] PackLoader:240 - Cannot read IP mode file for STMicroelectronics.X-CUBE-WB05N.2.1.0
2026-04-10 23:20:05,940 [INFO] PopulateThirdPartyThread:66 - Ending populate Thread
2026-04-10 23:20:05,945 [INFO] ThirdParty:1030 - CMSIS Pack Vendor :STMicroelectronics X-CUBE-WB05N 2.1.0
2026-04-10 23:20:05,945 [INFO] LoadServerUpdatesThread:375 - End of LoadServerUpdate Thread
2026-04-10 23:20:06,067 [INFO] CheckServerUpdateThread:120 - End of CheckServer Thread
2026-04-10 23:20:08,113 [INFO] WebApp:169 - Instantiating new browser for Auth
2026-04-10 23:20:09,152 [INFO] WebApp:463 - Apply proxy settings
2026-04-10 23:20:09,163 [INFO] WebApp:508 - Chromium authenticates against Manually configured proxy
2026-04-10 23:20:09,180 [INFO] WebApp:516 - Username used for proxy authentication: 
2026-04-10 23:20:09,206 [WARN] PackLoader:240 - Cannot read IP mode file for STMicroelectronics.X-CUBE-AZRTOS-H7.3.5.0
2026-04-10 23:20:09,215 [INFO] WebApp:900 - Register for checkConnection events
2026-04-10 23:20:09,215 [INFO] WebApp:463 - Apply proxy settings
2026-04-10 23:20:09,221 [INFO] WebApp:508 - Chromium authenticates against Manually configured proxy
2026-04-10 23:20:09,221 [INFO] WebApp:516 - Username used for proxy authentication: 
2026-04-10 23:20:09,247 [WARN] PackLoader:240 - Cannot read IP mode file for STMicroelectronics.FP-SNS-MOTENVWB1.1.4.0
2026-04-10 23:20:09,259 [WARN] PackLoader:240 - Cannot read IP mode file for STMicroelectronics.FP-ATR-ASTRA1.2.0.2
2026-04-10 23:20:09,270 [WARN] PackLoader:240 - Cannot read IP mode file for STMicroelectronics.X-CUBE-SMBUS.2.1.0
2026-04-10 23:20:09,318 [WARN] PackLoader:240 - Cannot read IP mode file for STMicroelectronics.X-CUBE-AZRTOS-F7.1.1.0
2026-04-10 23:20:09,348 [WARN] PackLoader:240 - Cannot read IP mode file for STMicroelectronics.FP-SNS-MOTENV1.5.1.0
2026-04-10 23:20:09,370 [WARN] PackLoader:240 - Cannot read IP mode file for WES.I-CUBE-Cesium.1.4.0
2026-04-10 23:20:09,385 [INFO] WebApp:225 - Starting web application
2026-04-10 23:20:09,386 [INFO] WebApp:593 - Web application path used /Applications/STM32CubeIDE.app/Contents/Eclipse/plugins/com.st.stm32cube.common.mx_6.15.0.202507011659/db/plugins/mcufinder/reactClient1/index.html
2026-04-10 23:20:09,433 [WARN] PackLoader:240 - Cannot read IP mode file for STMicroelectronics.X-CUBE-AZRTOS-H7.3.4.0
2026-04-10 23:20:09,465 [WARN] PackLoader:240 - Cannot read IP mode file for STMicroelectronics.X-CUBE-DISPLAY.3.0.0
2026-04-10 23:20:09,486 [WARN] PackLoader:240 - Cannot read IP mode file for STMicroelectronics.FP-SNS-MOTENVWB1.1.5.0
2026-04-10 23:20:09,503 [WARN] PackLoader:240 - Cannot read IP mode file for STMicroelectronics.X-CUBE-NFC10.1.0.0
2026-04-10 23:20:09,517 [WARN] PackLoader:240 - Cannot read IP mode file for STMicroelectronics.X-CUBE-ST60.1.1.0
2026-04-10 23:20:09,538 [WARN] PackLoader:240 - Cannot read IP mode file for emotas.I-CUBE-CANOPEN.1.3.0
2026-04-10 23:20:09,551 [WARN] PackLoader:240 - Cannot read IP mode file for STMicroelectronics.X-CUBE-GNSS1.7.1.0
2026-04-10 23:20:09,564 [WARN] PackLoader:240 - Cannot read IP mode file for STMicroelectronics.FP-SNS-STBOX1.2.1.0
2026-04-10 23:20:09,573 [WARN] PackLoader:240 - Cannot read IP mode file for STMicroelectronics.FP-SNS-SMARTAG2.1.2.0
2026-04-10 23:20:09,580 [WARN] PackLoader:240 - Cannot read IP mode file for STMicroelectronics.FP-SNS-FLIGHT1.5.1.0
2026-04-10 23:20:09,593 [INFO] LogOutputStream:77 - [STDOUT_REDIRECT] 1 : Invalid condition id : UX_CORESTACK_Condition cause : null
2026-04-10 23:20:09,595 [INFO] LogOutputStream:77 - [STDOUT_REDIRECT] 1 : Invalid condition id : UX_CORESTACK_Condition cause : null
2026-04-10 23:20:09,595 [INFO] LogOutputStream:77 - [STDOUT_REDIRECT] 1 : Invalid condition id : UX_CORESTACK_Condition cause : null
2026-04-10 23:20:09,596 [INFO] LogOutputStream:77 - [STDOUT_REDIRECT] 1 : Invalid condition id : UX_CORESTACK_Condition cause : null
2026-04-10 23:20:09,596 [INFO] LogOutputStream:77 - [STDOUT_REDIRECT] 1 : Invalid condition id : UX_CORESTACK_Condition cause : null
2026-04-10 23:20:09,603 [WARN] PackLoader:240 - Cannot read IP mode file for STMicroelectronics.X-CUBE-AZRTOS-WL.2.0.0
2026-04-10 23:20:09,632 [WARN] PackLoader:240 - Cannot read IP mode file for STMicroelectronics.X-CUBE-AZRTOS-H7RS.1.2.0
2026-04-10 23:20:09,654 [WARN] PackLoader:240 - Cannot read IP mode file for STMicroelectronics.X-CUBE-BLE2.3.3.0
2026-04-10 23:20:09,723 [WARN] PackLoader:240 - Cannot read IP mode file for Infineon.AIROC-Wi-Fi-Bluetooth-STM32.1.8.0
2026-04-10 23:20:09,748 [INFO] WebApp:191 - Connection restablished
2026-04-10 23:20:09,756 [WARN] PackLoader:240 - Cannot read IP mode file for STMicroelectronics.X-CUBE-NFC9.1.0.0
2026-04-10 23:20:09,778 [WARN] PackLoader:240 - Cannot read IP mode file for STMicroelectronics.X-CUBE-BLE1.7.1.0
2026-04-10 23:20:09,785 [WARN] PackLoader:240 - Cannot read IP mode file for wolfSSL.I-CUBE-wolfMQTT.1.19.2
2026-04-10 23:20:09,797 [WARN] PackLoader:240 - Cannot read IP mode file for STMicroelectronics.X-CUBE-FREERTOS.1.4.0
2026-04-10 23:20:09,809 [WARN] PackLoader:240 - Cannot read IP mode file for STMicroelectronics.X-CUBE-EEPRMA1.5.2.0
2026-04-10 23:20:09,821 [WARN] PackLoader:240 - Cannot read IP mode file for wolfSSL.I-CUBE-wolfSSL.5.8.4
2026-04-10 23:20:09,824 [WARN] PackLoader:240 - Cannot read IP mode file for Cesanta.I-CUBE-Mongoose.7.20.0
2026-04-10 23:20:09,832 [WARN] PackLoader:240 - Cannot read IP mode file for STMicroelectronics.X-CUBE-ST67W61.1.1.0
2026-04-10 23:20:09,907 [WARN] PackLoader:240 - Cannot read IP mode file for STMicroelectronics.X-CUBE-MEMS1.12.0.0
2026-04-10 23:20:09,948 [INFO] UserAuth:487 - Internet connection configuration mode: 1
2026-04-10 23:20:10,111 [WARN] PackLoader:240 - Cannot read IP mode file for STMicroelectronics.X-CUBE-AZRTOS-G0.1.1.0
2026-04-10 23:20:10,159 [WARN] PackLoader:240 - Cannot read IP mode file for STMicroelectronics.X-CUBE-NFC4.3.0.0
2026-04-10 23:20:10,174 [WARN] PackLoader:240 - Cannot read IP mode file for EmbeddedOffice.I-CUBE-FS-RTOS.1.0.1
2026-04-10 23:20:10,186 [WARN] PackLoader:240 - Cannot read IP mode file for STMicroelectronics.X-CUBE-WB05N.2.0.0
2026-04-10 23:20:10,191 [WARN] PackLoader:240 - Cannot read IP mode file for wolfSSL.I-CUBE-wolfTPM.3.8.0
2026-04-10 23:20:10,196 [WARN] PackLoader:240 - Cannot read IP mode file for STMicroelectronics.X-CUBE-TCPP.4.2.0
2026-04-10 23:20:10,200 [WARN] PackLoader:240 - Cannot read IP mode file for RealThread.X-CUBE-RT-Thread_Nano.4.1.1
2026-04-10 23:20:10,203 [WARN] PackLoader:240 - Cannot read IP mode file for STMicroelectronics.FP-ATR-SIGFOX1.3.2.0
2026-04-10 23:20:10,209 [WARN] PackLoader:240 - Cannot read IP mode file for STMicroelectronics.X-CUBE-FREERTOS.1.5.0
2026-04-10 23:20:10,217 [WARN] PackLoader:240 - Cannot read IP mode file for ITTIA_DB.I-CUBE-ITTIADB.8.9.0
2026-04-10 23:20:10,225 [WARN] PackLoader:240 - Cannot read IP mode file for STMicroelectronics.X-CUBE-NFC6.3.2.0
2026-04-10 23:20:10,231 [WARN] PackLoader:240 - Cannot read IP mode file for STMicroelectronics.X-CUBE-AI.10.2.0
2026-04-10 23:20:10,261 [WARN] PackLoader:240 - Cannot read IP mode file for SEGGER.I-CUBE-embOS.1.3.1
2026-04-10 23:20:10,283 [WARN] PackLoader:240 - Cannot read IP mode file for STMicroelectronics.X-CUBE-ALGOBUILD.1.4.0
2026-04-10 23:20:10,287 [WARN] PackLoader:240 - Cannot read IP mode file for STMicroelectronics.X-CUBE-PM33A1.1.0.0
2026-04-10 23:20:10,307 [WARN] PackLoader:240 - Cannot read IP mode file for STMicroelectronics.X-CUBE-AZRTOS-F4.1.1.0
2026-04-10 23:20:10,314 [WARN] PackLoader:240 - Cannot read IP mode file for STMicroelectronics.X-CUBE-ISPU.2.1.0
2026-04-10 23:20:10,325 [WARN] PackLoader:240 - Cannot read IP mode file for STMicroelectronics.X-CUBE-IPS.3.2.0
2026-04-10 23:20:10,344 [WARN] PackLoader:240 - Cannot read IP mode file for STMicroelectronics.eDS-WB_DPC_TT-BIDIR.2.1.1
2026-04-10 23:20:10,350 [WARN] PackLoader:240 - Cannot read IP mode file for STMicroelectronics.X-CUBE-NFC12.1.0.0
2026-04-10 23:20:10,370 [WARN] PackLoader:240 - Cannot read IP mode file for STMicroelectronics.X-CUBE-AZRTOS-L5.2.0.0
2026-04-10 23:20:10,379 [WARN] PackLoader:240 - Cannot read IP mode file for STMicroelectronics.X-CUBE-NFC6.3.1.0
2026-04-10 23:20:10,383 [WARN] PackLoader:240 - Cannot read IP mode file for STMicroelectronics.eDS-WB_DPC_VIENNA.1.2.0
2026-04-10 23:20:10,385 [WARN] PackLoader:240 - Cannot read IP mode file for STMicroelectronics.eDS-WB_DPC_3PH2L-BIDIR.1.1.1
2026-04-10 23:20:10,387 [WARN] PackLoader:240 - Cannot read IP mode file for STMicroelectronics.X-CUBE-TOUCHGFX.4.26.0
2026-04-10 23:20:10,388 [WARN] PackLoader:240 - Cannot read IP mode file for STMicroelectronics.X-CUBE-TOUCHGFX.4.26.1
2026-04-10 23:20:10,391 [WARN] PackLoader:240 - Cannot read IP mode file for STMicroelectronics.FP-SNS-STAIOTCFT.1.0.0
2026-04-10 23:20:10,398 [WARN] PackLoader:240 - Cannot read IP mode file for STMicroelectronics.X-CUBE-DPower.1.3.0
2026-04-10 23:20:10,415 [WARN] ConditionMgr:438 - getConditionDescription Invalid condition id : LAN8742 Phy interface Condition cause : null
2026-04-10 23:20:10,416 [WARN] PackLoader:240 - Cannot read IP mode file for STMicroelectronics.X-CUBE-AZRTOS-L4.2.0.0
2026-04-10 23:20:10,419 [WARN] ConditionMgr:1044 - genDependencies : Invalid condition id : LAN8742 Phy interface Condition cause : null
2026-04-10 23:20:10,419 [WARN] ConditionMgr:1044 - genDependencies : Invalid condition id : LAN8742 Phy interface Condition cause : null
2026-04-10 23:20:10,420 [WARN] ConditionMgr:1044 - genDependencies : Invalid condition id : LAN8742 Phy interface Condition cause : null
2026-04-10 23:20:10,428 [WARN] PackLoader:240 - Cannot read IP mode file for STMicroelectronics.X-CUBE-SFXS2LP1.4.0.0
2026-04-10 23:20:10,433 [WARN] PackLoader:240 - Cannot read IP mode file for STMicroelectronics.X-CUBE-WB05N.2.1.0
2026-04-10 23:20:10,440 [WARN] PackLoader:240 - Cannot read IP mode file for STMicroelectronics.X-CUBE-ST67W61.1.2.0
2026-04-10 23:20:10,454 [WARN] PackLoader:240 - Cannot read IP mode file for STMicroelectronics.X-CUBE-BLEMGR.4.1.0
2026-04-10 23:20:10,471 [WARN] ConditionMgr:438 - getConditionDescription Invalid condition id : UX DEVICE CLASS RTOS Condition cause : null
2026-04-10 23:20:10,471 [WARN] ConditionMgr:438 - getConditionDescription Invalid condition id : UX DEVICE CLASS RTOS Condition cause : null
2026-04-10 23:20:10,474 [WARN] PackLoader:240 - Cannot read IP mode file for STMicroelectronics.X-CUBE-AZRTOS-WB.2.0.0
2026-04-10 23:20:10,475 [WARN] ConditionMgr:1044 - genDependencies : Invalid condition id : UX DEVICE CLASS RTOS Condition cause : null
2026-04-10 23:20:10,475 [WARN] ConditionMgr:1044 - genDependencies : Invalid condition id : UX DEVICE CLASS RTOS Condition cause : null
2026-04-10 23:20:10,476 [WARN] ConditionMgr:1044 - genDependencies : Invalid condition id : UX DEVICE CLASS RTOS Condition cause : null
2026-04-10 23:20:10,476 [WARN] ConditionMgr:1044 - genDependencies : Invalid condition id : UX DEVICE CLASS RTOS Condition cause : null
2026-04-10 23:20:10,476 [WARN] ConditionMgr:1044 - genDependencies : Invalid condition id : UX DEVICE CLASS RTOS Condition cause : null
2026-04-10 23:20:10,484 [WARN] ConditionMgr:438 - getConditionDescription Invalid condition id : Cortex-A Device cause : null
2026-04-10 23:20:10,492 [WARN] ConditionMgr:1044 - genDependencies : Invalid condition id : Cortex-A Device cause : null
2026-04-10 23:20:10,492 [WARN] ConditionMgr:1044 - genDependencies : Invalid condition id : Cortex-A Device cause : null
2026-04-10 23:20:10,492 [WARN] ConditionMgr:1044 - genDependencies : Invalid condition id : Cortex-A Device cause : null
2026-04-10 23:20:10,497 [WARN] PackLoader:240 - Cannot read IP mode file for STMicroelectronics.X-CUBE-STSE01.2.0.0
2026-04-10 23:20:10,507 [WARN] PackLoader:240 - Cannot read IP mode file for STMicroelectronics.X-CUBE-SUBG2.5.0.0
2026-04-10 23:20:10,521 [WARN] PackLoader:240 - Cannot read IP mode file for STMicroelectronics.X-CUBE-AZRTOS-G4.2.0.0
2026-04-10 23:20:10,527 [WARN] PackLoader:240 - Cannot read IP mode file for wolfSSL.I-CUBE-wolfSSH.1.4.20
2026-04-10 23:20:10,531 [WARN] PackLoader:240 - Cannot read IP mode file for STMicroelectronics.X-CUBE-NFC7.2.0.0
2026-04-10 23:20:10,536 [WARN] PackLoader:240 - Cannot read IP mode file for STMicroelectronics.X-CUBE-ALS.1.0.2
2026-04-10 23:20:10,543 [WARN] PackLoader:240 - Cannot read IP mode file for STMicroelectronics.X-CUBE-STSE01.1.0.0
2026-04-10 23:20:10,553 [WARN] PackLoader:240 - Cannot read IP mode file for STMicroelectronics.X-CUBE-TOF1.3.4.3
2026-04-10 23:20:10,562 [INFO] ThirdParty:978 - Integrity check success = true
2026-04-10 23:20:10,562 [INFO] IntegrityCheckThread:100 - exiting critical section [integrity check]
2026-04-10 23:20:10,562 [INFO] IntegrityCheckThread:103 - End integrity checks thread
